LJ001-0110 6.025724010091089
LJ002-0018 6.915306287844787
LJ002-0043 5.176983565116143
LJ003-0111 5.774411502780618
LJ003-0345 5.707004894904795
LJ004-0096 6.449510110600656
LJ004-0152 6.604902821713052
LJ005-0014 6.417785507250877
LJ005-0079 6.499945653881552
LJ005-0201 6.644452731772206
LJ007-0154 5.467672396295956
LJ008-0111 5.42487278358453
LJ008-0258 5.119968244859449
LJ008-0278 6.868417914838847
LJ008-0294 6.469404070238728
LJ008-0307 5.895651131260747
LJ009-0076 5.869297429937095
LJ009-0114 5.804248036075648
LJ009-0238 6.184898890878344
LJ011-0096 6.003799009760801
LJ012-0035 6.067635451025982
LJ012-0161 5.737215350130691
LJ012-0235 5.765381702050696
LJ012-0250 6.230282079157483
LJ013-0164 6.159381040665187
LJ014-0010 5.755564174811884
LJ014-0030 5.904182608080204
LJ014-0076 5.606426221552239
LJ014-0110 6.095069892126887
LJ014-0263 5.595972549789042
LJ015-0203 6.096532590329384
LJ016-0020 6.009786738106049
LJ016-0138 5.289710354546925
LJ016-0179 6.4895684665949815
LJ016-0288 5.582178990016938
LJ016-0318 6.285344842764498
LJ017-0044 6.472618678054028
LJ017-0070 4.905179230807979
LJ017-0131 5.8306926741603124
LJ018-0081 6.214656437193025
LJ018-0098 5.861550845182971
LJ018-0239 6.377093898688924
LJ019-0257 6.738431107436873
LJ019-0273 5.892067814245819
LJ021-0066 6.546037951379584
LJ021-0145 5.6980360895456545
LJ022-0023 6.494786691190135
LJ024-0083 6.4442363400611615
LJ026-0068 5.858519494352582
LJ027-0052 6.4132210307784225
LJ027-0141 5.666961161123188
LJ028-0008 5.85158051795665
LJ028-0081 5.415119151964637
LJ028-0093 6.456467441170843
LJ028-0275 6.670825246203139
LJ028-0307 6.714491932907173
LJ028-0335 6.307370879051317
LJ028-0506 5.606047048399191
LJ029-0022 5.17509324446261
LJ029-0032 4.895275256354109
LJ031-0038 4.821096357015104
LJ031-0070 6.43266011587756
LJ031-0134 5.118458247050908
LJ031-0202 5.129631680898407
LJ033-0047 5.852154729680846
LJ034-0042 5.189345321821785
LJ034-0053 6.413166481770047
LJ034-0160 5.098321567566175
LJ034-0198 5.847335550239539
LJ035-0019 6.250078873001127
LJ035-0129 6.359796599017461
LJ036-0077 5.447816606717215
LJ036-0103 5.6662874873839515
LJ036-0174 5.307876452703646
LJ037-0234 5.6064605847189775
LJ038-0199 5.8533488187824405
LJ039-0075 6.5588909947148215
LJ039-0223 5.696231811099564
LJ040-0002 5.275025470885456
LJ040-0027 6.392567012005931
LJ042-0096 5.81155572925204
LJ042-0129 6.549397044743105
LJ043-0002 5.3992326147350695
LJ045-0140 6.087057842895659
LJ045-0230 5.519972063426873
LJ046-0058 5.310679153786468
LJ046-0146 5.48430645329315
LJ046-0184 5.965074159859876
LJ047-0044 5.557023698194585
LJ047-0148 6.393783512676537
LJ048-0194 5.330007287903571
LJ048-0228 6.190178143806397
LJ049-0026 5.2841820911833395
LJ049-0050 5.599253617812941
LJ050-0168 5.093793905649389
