LJ001-0110 0.3527
LJ002-0018 0.3586
LJ002-0043 0.3770
LJ003-0111 0.3773
LJ003-0345 0.2278
LJ004-0096 0.3543
LJ004-0152 0.2919
LJ005-0014 0.3022
LJ005-0079 0.4242
LJ005-0201 0.3057
LJ007-0154 0.3511
LJ008-0111 0.2964
LJ008-0258 0.3033
LJ008-0278 0.3176
LJ008-0294 0.3510
LJ008-0307 0.4278
LJ009-0076 0.1958
LJ009-0114 0.3665
LJ009-0238 0.3195
LJ011-0096 0.3217
LJ012-0035 0.2551
LJ012-0161 0.3866
LJ012-0235 0.3133
LJ012-0250 0.2780
LJ013-0164 0.5172
LJ014-0010 0.3640
LJ014-0030 0.3269
LJ014-0076 0.2878
LJ014-0110 0.2947
LJ014-0263 0.3076
LJ015-0203 0.3399
LJ016-0020 0.2924
LJ016-0138 0.3753
LJ016-0179 0.2730
LJ016-0288 0.3440
LJ016-0318 0.4073
LJ017-0044 0.3787
LJ017-0070 0.3033
LJ017-0131 0.2685
LJ018-0081 0.4012
LJ018-0098 0.4303
LJ018-0239 0.4830
LJ019-0257 0.3509
LJ019-0273 0.4306
LJ021-0066 0.3368
LJ021-0145 0.2377
LJ022-0023 0.3635
LJ024-0083 0.3079
LJ026-0068 0.2274
LJ027-0052 0.3743
LJ027-0141 0.2598
LJ028-0008 0.3048
LJ028-0081 0.4609
LJ028-0093 0.4356
LJ028-0275 0.4060
LJ028-0307 0.3900
LJ028-0335 0.4216
LJ028-0506 0.3284
LJ029-0022 0.3853
LJ029-0032 0.3317
LJ031-0038 0.1797
LJ031-0070 0.2640
LJ031-0134 0.2985
LJ031-0202 0.1929
LJ033-0047 0.5537
LJ034-0042 0.3631
LJ034-0053 0.4900
LJ034-0160 0.4398
LJ034-0198 0.4443
LJ035-0019 0.3135
LJ035-0129 0.3437
LJ036-0077 0.3545
LJ036-0103 0.4230
LJ036-0174 0.3536
LJ037-0234 0.4970
LJ038-0199 0.3227
LJ039-0075 0.3905
LJ039-0223 0.2102
LJ040-0002 0.2994
LJ040-0027 0.2246
LJ042-0096 0.3136
LJ042-0129 0.2464
LJ043-0002 0.2197
LJ045-0140 0.2830
LJ045-0230 0.2943
LJ046-0058 0.3541
LJ046-0146 0.2772
LJ046-0184 0.2939
LJ047-0044 0.4289
LJ047-0148 0.2878
LJ048-0194 0.5136
LJ048-0228 0.2412
LJ049-0026 0.2565
LJ049-0050 0.3066
LJ050-0168 0.2831
