LJ001-0110 0.3058
LJ002-0018 0.4107
LJ002-0043 0.3305
LJ003-0111 0.3891
LJ003-0345 0.2702
LJ004-0096 0.3271
LJ004-0152 0.2636
LJ005-0014 0.3249
LJ005-0079 0.4235
LJ005-0201 0.2935
LJ007-0154 0.3287
LJ008-0111 0.2472
LJ008-0258 0.3549
LJ008-0278 0.3076
LJ008-0294 0.2467
LJ008-0307 0.3724
LJ009-0076 0.2443
LJ009-0114 0.4433
LJ009-0238 0.3086
LJ011-0096 0.3112
LJ012-0035 0.2914
LJ012-0161 0.4825
LJ012-0235 0.3708
LJ012-0250 0.3146
LJ013-0164 0.4698
LJ014-0010 0.2674
LJ014-0030 0.3720
LJ014-0076 0.3464
LJ014-0110 0.2169
LJ014-0263 0.3209
LJ015-0203 0.2266
LJ016-0020 0.3866
LJ016-0138 0.3730
LJ016-0179 0.2363
LJ016-0288 0.3878
LJ016-0318 0.3326
LJ017-0044 0.4908
LJ017-0070 0.2829
LJ017-0131 0.2821
LJ018-0081 0.3434
LJ018-0098 0.4098
LJ018-0239 0.4054
LJ019-0257 0.2838
LJ019-0273 0.4814
LJ021-0066 0.3655
LJ021-0145 0.2245
LJ022-0023 0.3697
LJ024-0083 0.2843
LJ026-0068 0.4573
LJ027-0052 0.2761
LJ027-0141 0.2708
LJ028-0008 0.2168
LJ028-0081 0.4020
LJ028-0093 0.3163
LJ028-0275 0.5137
LJ028-0307 0.3802
LJ028-0335 0.3860
LJ028-0506 0.2884
LJ029-0022 0.3703
LJ029-0032 0.2172
LJ031-0038 0.1823
LJ031-0070 0.2500
LJ031-0134 0.3153
LJ031-0202 0.1957
LJ033-0047 0.4353
LJ034-0042 0.3921
LJ034-0053 0.3992
LJ034-0160 0.3503
LJ034-0198 0.3477
LJ035-0019 0.3659
LJ035-0129 0.3792
LJ036-0077 0.3606
LJ036-0103 0.3802
LJ036-0174 0.3388
LJ037-0234 0.3834
LJ038-0199 0.3567
LJ039-0075 0.3146
LJ039-0223 0.2108
LJ040-0002 0.2328
LJ040-0027 0.2604
LJ042-0096 0.3751
LJ042-0129 0.2325
LJ043-0002 0.2032
LJ045-0140 0.2651
LJ045-0230 0.2904
LJ046-0058 0.2995
LJ046-0146 0.2351
LJ046-0184 0.3121
LJ047-0044 0.4914
LJ047-0148 0.2691
LJ048-0194 0.4285
LJ048-0228 0.2700
LJ049-0026 0.2556
LJ049-0050 0.2517
LJ050-0168 0.3051
