LJ001-0110 5.835046753288616
LJ002-0018 6.922111338246555
LJ002-0043 5.074993960157531
LJ003-0111 5.632006537261456
LJ003-0345 5.924103709181115
LJ004-0096 6.371401976495622
LJ004-0152 6.591137289142692
LJ005-0014 6.234987773364581
LJ005-0079 6.619934302173112
LJ005-0201 6.491286518260828
LJ007-0154 5.464355244827092
LJ008-0111 5.5534068322018655
LJ008-0258 5.094371430458724
LJ008-0278 6.733885388127616
LJ008-0294 6.142865994456025
LJ008-0307 5.784357857043426
LJ009-0076 5.838086402662639
LJ009-0114 5.7739717577590435
LJ009-0238 5.982050441943176
LJ011-0096 6.0035531021386115
LJ012-0035 5.962796386724655
LJ012-0161 5.793606431776715
LJ012-0235 5.76286093705479
LJ012-0250 6.06377651286526
LJ013-0164 6.27481696394637
LJ014-0010 5.75045739858123
LJ014-0030 5.875876211177339
LJ014-0076 5.6228831225036995
LJ014-0110 5.948122363124954
LJ014-0263 5.6092618883910506
LJ015-0203 6.073624593970957
LJ016-0020 5.793080209969832
LJ016-0138 5.786159029777424
LJ016-0179 6.141602346465101
LJ016-0288 5.537632079175971
LJ016-0318 6.018055537840805
LJ017-0044 6.478138307550936
LJ017-0070 4.9036760028473045
LJ017-0131 5.5839577524822746
LJ018-0081 6.214291343025981
LJ018-0098 5.6631759307346625
LJ018-0239 6.257530619759871
LJ019-0257 6.513730989202561
LJ019-0273 5.892887276187403
LJ021-0066 6.45893837358833
LJ021-0145 5.650398833101172
LJ022-0023 6.479257607285247
LJ024-0083 6.481863452895512
LJ026-0068 5.710444274762277
LJ027-0052 6.412809526714356
LJ027-0141 5.522290981053463
LJ028-0008 5.8573562304356095
LJ028-0081 5.344126164988268
LJ028-0093 6.408492260353859
LJ028-0275 6.747030770179594
LJ028-0307 6.547770662181542
LJ028-0335 6.27291931111954
LJ028-0506 5.7326552711414935
LJ029-0022 5.095320813372549
LJ029-0032 4.87941755341759
LJ031-0038 4.8471446363051625
LJ031-0070 6.358273062413686
LJ031-0134 4.926810679474514
LJ031-0202 5.110370479611681
LJ033-0047 5.76156975879621
LJ034-0042 4.945049766099497
LJ034-0053 6.475571524082137
LJ034-0160 5.057392482214974
LJ034-0198 5.812950499347645
LJ035-0019 6.287955159042759
LJ035-0129 6.395871153729182
LJ036-0077 5.351137468163573
LJ036-0103 5.601540327800125
LJ036-0174 5.263711318264969
LJ037-0234 5.594002832343257
LJ038-0199 5.783233861259103
LJ039-0075 6.448239261570092
LJ039-0223 5.674853921571739
LJ040-0002 5.059867106705218
LJ040-0027 6.191887927136144
LJ042-0096 5.680998676736468
LJ042-0129 6.381557361227737
LJ043-0002 5.386332262222152
LJ045-0140 6.009747097054682
LJ045-0230 5.510272291608869
LJ046-0058 5.286529203138396
LJ046-0146 5.378504146000947
LJ046-0184 6.001822637276386
LJ047-0044 5.634537047690766
LJ047-0148 6.1945248982762635
LJ048-0194 5.406064077365634
LJ048-0228 6.3125461426033755
LJ049-0026 5.2943943987807565
LJ049-0050 5.664627713216485
LJ050-0168 5.161523222529811
